# JRE version: OpenJDK Runtime Environment Corretto-17.0.15.6.1 (17.0.15+6) (build 17.0.15+6-LTS)
# Java VM: OpenJDK 64-Bit Server VM Corretto-17.0.15.6.1 (17.0.15+6-LTS, mixed mode, sharing, tiered, compressed oops, compressed class ptrs, g1 gc, windows-amd64)
GC Precious Log:
 CPUs: 8 total, 8 available
 Memory: 16122M
 Large Page Support: Disabled
 NUMA Support: Disabled
 Compressed Oops: Enabled (32-bit)
 Heap Region Size: 1M
 Heap Min Capacity: 256M
 Heap Initial Capacity: 256M
 Heap Max Capacity: 512M
 Pre-touch: Disabled
 Parallel Workers: 8
 Concurrent Workers: 2
 Concurrent Refinement Workers: 8
 Periodic GC: Disabled
Heap:
 garbage-first heap   total 262144K, used 124297K [0x00000000e0000000, 0x0000000100000000)
  region size 1024K, 56 young (57344K), 7 survivors (7168K)
 Metaspace       used 71961K, committed 72704K, reserved 393216K
  class space    used 9834K, committed 10176K, reserved 327680K
GC Heap History (20 events):
Event: 0.578 GC heap before
{Heap before GC invocations=0 (full 0):
 garbage-first heap   total 262144K, used 23552K [0x00000000e0000000, 0x0000000100000000)
  region size 1024K, 23 young (23552K), 0 survivors (0K)
 Metaspace       used 1051K, committed 1216K, reserved 393216K
  class space    used 73K, committed 128K, reserved 327680K
}
Event: 0.581 GC heap after
{Heap after GC invocations=1 (full 0):
 garbage-first heap   total 262144K, used 1919K [0x00000000e0000000, 0x0000000100000000)
  region size 1024K, 2 young (2048K), 2 survivors (2048K)
 Metaspace       used 1051K, committed 1216K, reserved 393216K
  class space    used 73K, committed 128K, reserved 327680K
}
Event: 1.328 GC heap before
{Heap before GC invocations=1 (full 0):
 garbage-first heap   total 262144K, used 40831K [0x00000000e0000000, 0x0000000100000000)
  region size 1024K, 38 young (38912K), 2 survivors (2048K)
 Metaspace       used 4375K, committed 4544K, reserved 393216K
  class space    used 546K, committed 640K, reserved 327680K
}
Event: 1.331 GC heap after
{Heap after GC invocations=2 (full 0):
 garbage-first heap   total 262144K, used 10643K [0x00000000e0000000, 0x0000000100000000)
  region size 1024K, 5 young (5120K), 5 survivors (5120K)
 Metaspace       used 4375K, committed 4544K, reserved 393216K
  class space    used 546K, committed 640K, reserved 327680K
}
Event: 1.855 GC heap before
{Heap before GC invocations=2 (full 0):
 garbage-first heap   total 262144K, used 59795K [0x00000000e0000000, 0x0000000100000000)
  region size 1024K, 51 young (52224K), 5 survivors (5120K)
 Metaspace       used 4693K, committed 4928K, reserved 393216K
  class space    used 595K, committed 704K, reserved 327680K
}
Event: 1.859 GC heap after
{Heap after GC invocations=3 (full 0):
 garbage-first heap   total 262144K, used 16624K [0x00000000e0000000, 0x0000000100000000)
  region size 1024K, 5 young (5120K), 5 survivors (5120K)
 Metaspace       used 4693K, committed 4928K, reserved 393216K
  class space    used 595K, committed 704K, reserved 327680K
}
Event: 4.345 GC heap before
{Heap before GC invocations=3 (full 0):
 garbage-first heap   total 262144K, used 127216K [0x00000000e0000000, 0x0000000100000000)
  region size 1024K, 114 young (116736K), 5 survivors (5120K)
 Metaspace       used 21161K, committed 21504K, reserved 393216K
  class space    used 3094K, committed 3264K, reserved 327680K
}
Event: 4.361 GC heap after
{Heap after GC invocations=4 (full 0):
 garbage-first heap   total 262144K, used 24155K [0x00000000e0000000, 0x0000000100000000)
  region size 1024K, 12 young (12288K), 12 survivors (12288K)
 Metaspace       used 21161K, committed 21504K, reserved 393216K
  class space    used 3094K, committed 3264K, reserved 327680K
}
Event: 7.042 GC heap before
{Heap before GC invocations=5 (full 0):
 garbage-first heap   total 262144K, used 147035K [0x00000000e0000000, 0x0000000100000000)
  region size 1024K, 129 young (132096K), 12 survivors (12288K)
 Metaspace       used 35611K, committed 35968K, reserved 393216K
  class space    used 4949K, committed 5120K, reserved 327680K
}
Event: 7.058 GC heap after
{Heap after GC invocations=6 (full 0):
 garbage-first heap   total 262144K, used 32668K [0x00000000e0000000, 0x0000000100000000)
  region size 1024K, 16 young (16384K), 16 survivors (16384K)
 Metaspace       used 35611K, committed 35968K, reserved 393216K
  class space    used 4949K, committed 5120K, reserved 327680K
}
Event: 9.627 GC heap before
{Heap before GC invocations=7 (full 0):
 garbage-first heap   total 262144K, used 173980K [0x00000000e0000000, 0x0000000100000000)
  region size 1024K, 153 young (156672K), 16 survivors (16384K)
 Metaspace       used 48655K, committed 49152K, reserved 393216K
  class space    used 6876K, committed 7104K, reserved 327680K
}
Event: 9.645 GC heap after
{Heap after GC invocations=8 (full 0):
 garbage-first heap   total 262144K, used 40030K [0x00000000e0000000, 0x0000000100000000)
  region size 1024K, 16 young (16384K), 16 survivors (16384K)
 Metaspace       used 48655K, committed 49152K, reserved 393216K
  class space    used 6876K, committed 7104K, reserved 327680K
}
Event: 14.091 GC heap before
{Heap before GC invocations=8 (full 0):
 garbage-first heap   total 262144K, used 179294K [0x00000000e0000000, 0x0000000100000000)
  region size 1024K, 153 young (156672K), 16 survivors (16384K)
 Metaspace       used 55032K, committed 55680K, reserved 393216K
  class space    used 7685K, committed 8000K, reserved 327680K
}
Event: 14.112 GC heap after
{Heap after GC invocations=9 (full 0):
 garbage-first heap   total 262144K, used 51174K [0x00000000e0000000, 0x0000000100000000)
  region size 1024K, 19 young (19456K), 19 survivors (19456K)
 Metaspace       used 55032K, committed 55680K, reserved 393216K
  class space    used 7685K, committed 8000K, reserved 327680K
}
Event: 16.363 GC heap before
{Heap before GC invocations=9 (full 0):
 garbage-first heap   total 262144K, used 187366K [0x00000000e0000000, 0x0000000100000000)
  region size 1024K, 153 young (156672K), 19 survivors (19456K)
 Metaspace       used 58316K, committed 58944K, reserved 393216K
  class space    used 8167K, committed 8448K, reserved 327680K
}
Event: 16.387 GC heap after
{Heap after GC invocations=10 (full 0):
 garbage-first heap   total 262144K, used 60954K [0x00000000e0000000, 0x0000000100000000)
  region size 1024K, 11 young (11264K), 11 survivors (11264K)
 Metaspace       used 58316K, committed 58944K, reserved 393216K
  class space    used 8167K, committed 8448K, reserved 327680K
}
Event: 16.929 GC heap before
{Heap before GC invocations=10 (full 0):
 garbage-first heap   total 262144K, used 114202K [0x00000000e0000000, 0x0000000100000000)
  region size 1024K, 65 young (66560K), 11 survivors (11264K)
 Metaspace       used 59822K, committed 60416K, reserved 393216K
  class space    used 8376K, committed 8640K, reserved 327680K
}
Event: 16.947 GC heap after
{Heap after GC invocations=11 (full 0):
 garbage-first heap   total 262144K, used 69980K [0x00000000e0000000, 0x0000000100000000)
  region size 1024K, 19 young (19456K), 19 survivors (19456K)
 Metaspace       used 59822K, committed 60416K, reserved 393216K
  class space    used 8376K, committed 8640K, reserved 327680K
}
Event: 22.066 GC heap before
{Heap before GC invocations=12 (full 0):
 garbage-first heap   total 262144K, used 200028K [0x00000000e0000000, 0x0000000100000000)
  region size 1024K, 145 young (148480K), 19 survivors (19456K)
 Metaspace       used 70509K, committed 71232K, reserved 393216K
  class space    used 9654K, committed 9984K, reserved 327680K
}
Event: 22.089 GC heap after
{Heap after GC invocations=13 (full 0):
 garbage-first heap   total 262144K, used 75145K [0x00000000e0000000, 0x0000000100000000)
  region size 1024K, 7 young (7168K), 7 survivors (7168K)
 Metaspace       used 70509K, committed 71232K, reserved 393216K
  class space    used 9654K, committed 9984K, reserved 327680K
}

